<?xml version="1.0" encoding="UTF-8"?>
<testsuite xmlns:xsi="http://www.w3.org/2001/XMLSchema-instance" xsi:noNamespaceSchemaLocation="https://maven.apache.org/surefire/maven-surefire-plugin/xsd/surefire-test-report-3.0.xsd" version="3.0" name="AnimalTest" time="0.114" tests="2" errors="0" skipped="0" failures="0">
  <properties>
[...]
</properties>
  <testcase name="el leon debe rugir y caminar pesadamente" classname="AnimalTest" time="0.07">
    <system-out><![CDATA[Cambiando 'nombre' a: León
Cambiando 'habitat' a: Sabana
Observando 'nombre': León
Observando 'habitat': Sabana

> Test: Rugido y caminata pesada
¡ROOAAARR!
El animal se prepara para moverse...
Caminando con pasos pesados.
* Ficha del animal:
Observando 'nombre': León
	- Nombre: León
Observando 'habitat': Sabana
	- Hábitat: Sabana
]]></system-out>
  </testcase>
  <testcase name="el pajaro debe cantar y caminar ligeramente" classname="AnimalTest" time="0.007">
    <system-out><![CDATA[Cambiando 'nombre' a: Periquito
Cambiando 'habitat' a: Bosque
Observando 'nombre': Periquito
Observando 'habitat': Bosque

> Test: Canto y caminata ligera
cantando...
El animal se prepara para moverse...
Caminando ágilmente.
* Ficha del animal:
Observando 'nombre': Periquito
	- Nombre: Periquito
Observando 'habitat': Bosque
	- Hábitat: Bosque
]]></system-out>
  </testcase>
</testsuite>